#:C29    
#Xilinx FPGA Editor Command Log File
#Editor Version:
#:V   NT M2.1 P.20131013
#Current Working Directory:
#:D   C:\Users\Andrea Valitutto\Desktop\Esame FINALE LIcciardo\Progetto
#Date/Time:
#:T   Fri Feb 16 13:57:37 2018
#------------------------------
	#Reading Controller.ncd...
	#Loading device for application Rf_Device from file '3s50.nph' in environment C:\Xilinx\14.7\ISE_DS\ISE\.
	#   "Controller" is an NCD, version 3.2, device xc3s50, package vq100, speed -4
	#Design creation date: 2018.02.16.12.15.33
	#Building chip graphics...
	#Loading speed info...
	#1
setattr main edit-mode no-logic-changes
	#2
setattr main disable_draw on
	#3
setattr layer local_lines view on
	#4
setattr main disable_draw off
	#Hint: change the visibility of more than one layer at a time by clicking on the apply button, clicking two or more layer buttons, and then clicking on the apply button again.
	#5
setattr main disable_draw on
	#6
setattr layer long_lines view off
	#7
setattr main disable_draw off
	#8
setattr main disable_draw on
	#9
setattr layer long_lines view on
	#10
setattr main disable_draw off
	#11
setattr main disable_draw on
	#12
setattr layer local_lines view off
	#13
setattr main disable_draw off
	#14
setattr main disable_draw on
	#15
setattr layer long_lines view off
	#16
setattr main disable_draw off
	#17
setattr main disable_draw on
	#18
setattr layer pinwires view on
	#19
setattr main disable_draw off
	#20
setattr main disable_draw on
	#21
setattr layer pinwires view off
	#22
setattr main disable_draw off
	#23
setattr main disable_draw on
	#24
setattr layer pips view on
	#25
setattr main disable_draw off
	#26
setattr main disable_draw on
	#27
setattr layer sites view on
	#28
setattr main disable_draw off
	#29
setattr main disable_draw on
	#30
setattr layer switch_boxes view on
