Release 14.7 - ngc2edif P.20131013 (nt)
Copyright (c) 1995-2013 Xilinx, Inc.  All rights reserved.
Reading design Controller.ngc ...
WARNING:NetListWriters:298 - No output is written to Controller.xncf, ignored.
Processing design ...
   Preping design's networks ...
   Preping design's macros ...
  finished :Prep
Writing EDIF netlist file Controller.edif ...
ngc2edif: Total memory usage is 111480 kilobytes

Release 14.7 - ngc2edif P.20131013 (nt)
Copyright (c) 1995-2013 Xilinx, Inc.  All rights reserved.
Reading design Controller.ngc ...
WARNING:NetListWriters:298 - No output is written to Controller.xncf, ignored.
Processing design ...
   Preping design's networks ...
   Preping design's macros ...
  finished :Prep
Writing EDIF netlist file Controller.edif ...
ngc2edif: Total memory usage is 112248 kilobytes

Release 14.7 - ngc2edif P.20131013 (nt)
Copyright (c) 1995-2013 Xilinx, Inc.  All rights reserved.
Reading design Controller.ngc ...
WARNING:NetListWriters:298 - No output is written to Controller.xncf, ignored.
Processing design ...
   Preping design's networks ...
   Preping design's macros ...
  finished :Prep
Writing EDIF netlist file Controller.edif ...
ngc2edif: Total memory usage is 115052 kilobytes

